[bosar.agency/index.html]
[backblue.gif]
[fade.gif]
[index.html]
[bosar.agency/favicon.ico]
[bosar.agency/favicon.png]
[bosar.agency/styles.css]
[bosar.agency/images/bosar-circle.png]
[bosar.agency/images/nick-circle.png]
[bosar.agency/images/phone-icon.svg]
[bosar.agency/images/serv1.png]
[bosar.agency/images/serv2.png]
[bosar.agency/images/serv3.png]
[bosar.agency/images/bogdan-big.png]
[bosar.agency/images/linkedin-icon.svg]
[bosar.agency/images/nick-big.png]
[bosar.agency/images/youtube-icon.svg]
[bosar.agency/images/mail-icon.svg]
[bosar.agency/images/map-icon.svg]
[bosar.agency/index.html]
[bosar.agency/images/social-share.html]
[bosar.agency/images/logo.svg]
[bosar.agency/images/bg-logo.svg]
[bosar.agency/images/bg-logo2.svg]
[bosar.agency/styles.css]
[bosar.agency/images/phone-icon.svg]
[bosar.agency/images/linkedin-icon.svg]
[bosar.agency/images/youtube-icon.svg]
[bosar.agency/images/mail-icon.svg]
[bosar.agency/images/map-icon.svg]
[bosar.agency/images/logo.svg]
[bosar.agency/images/bg-logo.svg]
[bosar.agency/images/bg-logo2.svg]
